This is pdfTeX, Version 3.141592653-2.6-1.40.24 (TeX Live 2022) (preloaded format=pdflatex 2022.10.13)  13 OCT 2022 17:36
entering extended mode
 restricted \write18 enabled.
 %&-line parsing enabled.
**index_revisions_2.tex
(./index_revisions_2.tex
LaTeX2e <2022-06-01> patch level 5
L3 programming layer <2022-09-28> (c:/Users/ah19679/AppData/Roaming/TinyTeX/texmf-dist/tex/latex/tufte-latex/tufte-handout.cls
Document Class: tufte-handout 2015/06/21 v3.5.2 Tufte-handout class
(c:/Users/ah19679/AppData/Roaming/TinyTeX/texmf-dist/tex/latex/tufte-latex/tufte-common.def
File: tufte-common.def 2015/06/21 v3.5.2 Common code for the Tufte-LaTeX styles
(c:/Users/ah19679/AppData/Roaming/TinyTeX/texmf-dist/tex/latex/xkeyval/xkeyval.sty
Package: xkeyval 2022/06/16 v2.9 package option processing (HA)
(c:/Users/ah19679/AppData/Roaming/TinyTeX/texmf-dist/tex/generic/xkeyval/xkeyval.tex (c:/Users/ah19679/AppData/Roaming/TinyTeX/texmf-dist/tex/generic/xkeyval/xkvutils.tex
\XKV@toks=\toks16
\XKV@tempa@toks=\toks17
(c:/Users/ah19679/AppData/Roaming/TinyTeX/texmf-dist/tex/generic/xkeyval/keyval.tex))
\XKV@depth=\count185
File: xkeyval.tex 2014/12/03 v2.7a key=value parser (HA)
)) (c:/Users/ah19679/AppData/Roaming/TinyTeX/texmf-dist/tex/latex/xifthen/xifthen.sty
Package: xifthen 2015/11/05 v1.4.0 Extended ifthen features
(c:/Users/ah19679/AppData/Roaming/TinyTeX/texmf-dist/tex/latex/tools/calc.sty
Package: calc 2017/05/25 v4.3 Infix arithmetic (KKT,FJ)
\calc@Acount=\count186
\calc@Bcount=\count187
\calc@Adimen=\dimen138
\calc@Bdimen=\dimen139
\calc@Askip=\skip47
\calc@Bskip=\skip48
LaTeX Info: Redefining \setlength on input line 80.
LaTeX Info: Redefining \addtolength on input line 81.
\calc@Ccount=\count188
\calc@Cskip=\skip49
) (c:/Users/ah19679/AppData/Roaming/TinyTeX/texmf-dist/tex/latex/base/ifthen.sty
Package: ifthen 2022/04/13 v1.1d Standard LaTeX ifthen package (DPC)
) (c:/Users/ah19679/AppData/Roaming/TinyTeX/texmf-dist/tex/latex/ifmtarg/ifmtarg.sty
Package: ifmtarg 2018/04/16 v1.2b check for an empty argument
)) (c:/Users/ah19679/AppData/Roaming/TinyTeX/texmf-dist/tex/latex/hardwrap/hardwrap.sty
Package: hardwrap 2011/02/12 v0.2 Hard wrap messages
(c:/Users/ah19679/AppData/Roaming/TinyTeX/texmf-dist/tex/generic/pdftexcmds/pdftexcmds.sty
Package: pdftexcmds 2020-06-27 v0.33 Utility functions of pdfTeX for LuaTeX (HO)
(c:/Users/ah19679/AppData/Roaming/TinyTeX/texmf-dist/tex/generic/infwarerr/infwarerr.sty
Package: infwarerr 2019/12/03 v1.5 Providing info/warning/error messages (HO)
) (c:/Users/ah19679/AppData/Roaming/TinyTeX/texmf-dist/tex/generic/iftex/iftex.sty
Package: iftex 2022/02/03 v1.0f TeX engine tests
) (c:/Users/ah19679/AppData/Roaming/TinyTeX/texmf-dist/tex/generic/ltxcmds/ltxcmds.sty
Package: ltxcmds 2020-05-10 v1.25 LaTeX kernel commands for general use (HO)
)
Package pdftexcmds Info: \pdf@primitive is available.
Package pdftexcmds Info: \pdf@ifprimitive is available.
Package pdftexcmds Info: \pdfdraftmode found.
) (c:/Users/ah19679/AppData/Roaming/TinyTeX/texmf-dist/tex/generic/iftex/ifxetex.sty
Package: ifxetex 2019/10/25 v0.7 ifxetex legacy package. Use iftex instead.
)
\hw@charcount=\count189
\hw@wordcount=\count190
\hw@maxprintline=\count191
)
Class tufte-handout Info: Loading the base class `article'
(c:/Users/ah19679/AppData/Roaming/TinyTeX/texmf-dist/tex/latex/base/article.cls
Document Class: article 2021/10/04 v1.4n Standard LaTeX document class
(c:/Users/ah19679/AppData/Roaming/TinyTeX/texmf-dist/tex/latex/base/size10.clo
File: size10.clo 2021/10/04 v1.4n Standard LaTeX file (size option)
)
\c@part=\count192
\c@section=\count193
\c@subsection=\count194
\c@subsubsection=\count195
\c@paragraph=\count196
\c@subparagraph=\count197
\c@figure=\count198
\c@table=\count199
\abovecaptionskip=\skip50
\belowcaptionskip=\skip51
\bibindent=\dimen140
) (c:/Users/ah19679/AppData/Roaming/TinyTeX/texmf-dist/tex/generic/iftex/ifpdf.sty
Package: ifpdf 2019/10/25 v3.4 ifpdf legacy package. Use iftex instead.
) (c:/Users/ah19679/AppData/Roaming/TinyTeX/texmf-dist/tex/generic/iftex/ifluatex.sty
Package: ifluatex 2019/10/25 v1.5 ifluatex legacy package. Use iftex instead.
) (c:/Users/ah19679/AppData/Roaming/TinyTeX/texmf-dist/tex/latex/titlesec/titlesec.sty
Package: titlesec 2021/07/05 v2.14 Sectioning titles
\ttl@box=\box51
\beforetitleunit=\skip52
\aftertitleunit=\skip53
\ttl@plus=\dimen141
\ttl@minus=\dimen142
\ttl@toksa=\toks18
\titlewidth=\dimen143
\titlewidthlast=\dimen144
\titlewidthfirst=\dimen145
) (c:/Users/ah19679/AppData/Roaming/TinyTeX/texmf-dist/tex/latex/titlesec/titletoc.sty
Package: titletoc 2021/07/05 v2.14 TOC entries
\ttl@leftsep=\dimen146
) (c:/Users/ah19679/AppData/Roaming/TinyTeX/texmf-dist/tex/latex/hyperref/hyperref.sty
Package: hyperref 2022-09-22 v7.00t Hypertext links for LaTeX
(c:/Users/ah19679/AppData/Roaming/TinyTeX/texmf-dist/tex/latex/kvsetkeys/kvsetkeys.sty
Package: kvsetkeys 2022-10-05 v1.19 Key value parser (HO)
) (c:/Users/ah19679/AppData/Roaming/TinyTeX/texmf-dist/tex/generic/kvdefinekeys/kvdefinekeys.sty
Package: kvdefinekeys 2019-12-19 v1.6 Define keys (HO)
) (c:/Users/ah19679/AppData/Roaming/TinyTeX/texmf-dist/tex/generic/pdfescape/pdfescape.sty
Package: pdfescape 2019/12/09 v1.15 Implements pdfTeX's escape features (HO)
) (c:/Users/ah19679/AppData/Roaming/TinyTeX/texmf-dist/tex/latex/hycolor/hycolor.sty
Package: hycolor 2020-01-27 v1.10 Color options for hyperref/bookmark (HO)
) (c:/Users/ah19679/AppData/Roaming/TinyTeX/texmf-dist/tex/latex/letltxmacro/letltxmacro.sty
Package: letltxmacro 2019/12/03 v1.6 Let assignment for LaTeX macros (HO)
) (c:/Users/ah19679/AppData/Roaming/TinyTeX/texmf-dist/tex/latex/auxhook/auxhook.sty
Package: auxhook 2019-12-17 v1.6 Hooks for auxiliary files (HO)
) (c:/Users/ah19679/AppData/Roaming/TinyTeX/texmf-dist/tex/latex/hyperref/nameref.sty
Package: nameref 2022-05-17 v2.50 Cross-referencing by name of section
(c:/Users/ah19679/AppData/Roaming/TinyTeX/texmf-dist/tex/latex/refcount/refcount.sty
Package: refcount 2019/12/15 v3.6 Data extraction from label references (HO)
) (c:/Users/ah19679/AppData/Roaming/TinyTeX/texmf-dist/tex/generic/gettitlestring/gettitlestring.sty
Package: gettitlestring 2019/12/15 v1.6 Cleanup title references (HO)
(c:/Users/ah19679/AppData/Roaming/TinyTeX/texmf-dist/tex/latex/kvoptions/kvoptions.sty
Package: kvoptions 2022-06-15 v3.15 Key value format for package options (HO)
))
\c@section@level=\count266
)
\@linkdim=\dimen147
\Hy@linkcounter=\count267
\Hy@pagecounter=\count268
(c:/Users/ah19679/AppData/Roaming/TinyTeX/texmf-dist/tex/latex/hyperref/pd1enc.def
File: pd1enc.def 2022-09-22 v7.00t Hyperref: PDFDocEncoding definition (HO)
Now handling font encoding PD1 ...
... no UTF-8 mapping file for font encoding PD1
) (c:/Users/ah19679/AppData/Roaming/TinyTeX/texmf-dist/tex/generic/intcalc/intcalc.sty
Package: intcalc 2019/12/15 v1.3 Expandable calculations with integers (HO)
) (c:/Users/ah19679/AppData/Roaming/TinyTeX/texmf-dist/tex/generic/etexcmds/etexcmds.sty
Package: etexcmds 2019/12/15 v1.7 Avoid name clashes with e-TeX commands (HO)
)
\Hy@SavedSpaceFactor=\count269
(c:/Users/ah19679/AppData/Roaming/TinyTeX/texmf-dist/tex/latex/hyperref/puenc.def
File: puenc.def 2022-09-22 v7.00t Hyperref: PDF Unicode definition (HO)
Now handling font encoding PU ...
... no UTF-8 mapping file for font encoding PU
)
Package hyperref Info: Option `unicode' set `true' on input line 4045.
Package hyperref Info: Option `hyperfootnotes' set `false' on input line 4045.
Package hyperref Info: Hyper figures OFF on input line 4162.
Package hyperref Info: Link nesting OFF on input line 4167.
Package hyperref Info: Hyper index ON on input line 4170.
Package hyperref Info: Plain pages OFF on input line 4177.
Package hyperref Info: Backreferencing OFF on input line 4182.
Package hyperref Info: Implicit mode ON; LaTeX internals redefined.
\stockwidth=\dimen148
\stockheight=\dimen149
Package hyperref Info: Bookmarks ON on input line 4410.
\c@Hy@tempcnt=\count270
(c:/Users/ah19679/AppData/Roaming/TinyTeX/texmf-dist/tex/latex/url/url.sty
\Urlmuskip=\muskip16
Package: url 2013/09/16  ver 3.4  Verb mode for urls, etc.
)
LaTeX Info: Redefining \url on input line 4748.
\XeTeXLinkMargin=\dimen150
(c:/Users/ah19679/AppData/Roaming/TinyTeX/texmf-dist/tex/generic/bitset/bitset.sty
Package: bitset 2019/12/09 v1.3 Handle bit-vector datatype (HO)
(c:/Users/ah19679/AppData/Roaming/TinyTeX/texmf-dist/tex/generic/bigintcalc/bigintcalc.sty
Package: bigintcalc 2019/12/15 v1.5 Expandable calculations on big integers (HO)
))
\Fld@menulength=\count271
\Field@Width=\dimen151
\Fld@charsize=\dimen152
Package hyperref Info: Hyper figures OFF on input line 6027.
Package hyperref Info: Link nesting OFF on input line 6032.
Package hyperref Info: Hyper index ON on input line 6035.
Package hyperref Info: backreferencing OFF on input line 6042.
Package hyperref Info: Link coloring OFF on input line 6047.
Package hyperref Info: Link coloring with OCG OFF on input line 6052.
Package hyperref Info: PDF/A mode OFF on input line 6057.
(c:/Users/ah19679/AppData/Roaming/TinyTeX/texmf-dist/tex/latex/base/atbegshi-ltx.sty
Package: atbegshi-ltx 2021/01/10 v1.0c Emulation of the original atbegshi
package with kernel methods
)
\Hy@abspage=\count272
\c@Item=\count273
)
Package hyperref Info: Driver (autodetected): hpdftex.
(c:/Users/ah19679/AppData/Roaming/TinyTeX/texmf-dist/tex/latex/hyperref/hpdftex.def
File: hpdftex.def 2022-09-22 v7.00t Hyperref driver for pdfTeX
(c:/Users/ah19679/AppData/Roaming/TinyTeX/texmf-dist/tex/latex/base/atveryend-ltx.sty
Package: atveryend-ltx 2020/08/19 v1.0a Emulation of the original atveryend package
with kernel methods
)
\Fld@listcount=\count274
\c@bookmark@seq@number=\count275
(c:/Users/ah19679/AppData/Roaming/TinyTeX/texmf-dist/tex/latex/rerunfilecheck/rerunfilecheck.sty
Package: rerunfilecheck 2022-07-10 v1.10 Rerun checks for auxiliary files (HO)
(c:/Users/ah19679/AppData/Roaming/TinyTeX/texmf-dist/tex/generic/uniquecounter/uniquecounter.sty
Package: uniquecounter 2019/12/15 v1.4 Provide unlimited unique counter (HO)
)
Package uniquecounter Info: New unique counter `rerunfilecheck' on input line 285.
)
\Hy@SectionHShift=\skip54
) (c:/Users/ah19679/AppData/Roaming/TinyTeX/texmf-dist/tex/latex/ragged2e/ragged2e.sty
Package: ragged2e 2021/12/15 v3.1 ragged2e Package
\CenteringLeftskip=\skip55
\RaggedLeftLeftskip=\skip56
\RaggedRightLeftskip=\skip57
\CenteringRightskip=\skip58
\RaggedLeftRightskip=\skip59
\RaggedRightRightskip=\skip60
\CenteringParfillskip=\skip61
\RaggedLeftParfillskip=\skip62
\RaggedRightParfillskip=\skip63
\JustifyingParfillskip=\skip64
\CenteringParindent=\skip65
\RaggedLeftParindent=\skip66
\RaggedRightParindent=\skip67
\JustifyingParindent=\skip68
) (c:/Users/ah19679/AppData/Roaming/TinyTeX/texmf-dist/tex/latex/geometry/geometry.sty
Package: geometry 2020/01/02 v5.9 Page Geometry
(c:/Users/ah19679/AppData/Roaming/TinyTeX/texmf-dist/tex/generic/iftex/ifvtex.sty
Package: ifvtex 2019/10/25 v1.7 ifvtex legacy package. Use iftex instead.
)
\Gm@cnth=\count276
\Gm@cntv=\count277
\c@Gm@tempcnt=\count278
\Gm@bindingoffset=\dimen153
\Gm@wd@mp=\dimen154
\Gm@odd@mp=\dimen155
\Gm@even@mp=\dimen156
\Gm@layoutwidth=\dimen157
\Gm@layoutheight=\dimen158
\Gm@layouthoffset=\dimen159
\Gm@layoutvoffset=\dimen160
\Gm@dimlist=\toks19
) (c:/Users/ah19679/AppData/Roaming/TinyTeX/texmf-dist/tex/latex/changepage/changepage.sty
Package: changepage 2009/10/20 v1.0c check page and change page layout
\c@cp@cntr=\count279
\cp@tempcnt=\count280
)
\@tufte@overhang=\skip69
\@tufte@fullwidth=\skip70
\@tufte@caption@fill=\skip71
(c:/Users/ah19679/AppData/Roaming/TinyTeX/texmf-dist/tex/latex/paralist/paralist.sty
Package: paralist 2017/01/22 v2.7 Extended list environments
\pltopsep=\skip72
\plpartopsep=\skip73
\plitemsep=\skip74
\plparsep=\skip75
\pl@lab=\toks20
) (c:/Users/ah19679/AppData/Roaming/TinyTeX/texmf-dist/tex/latex/textcase/textcase.sty
Package: textcase 2022/07/10 v1.03 Text only upper/lower case changing (DPC)
Package textcase Info: Defining Legacy names on input line 20.
)

Class tufte-handout Warning: Couldn't locate `soul' package

(c:/Users/ah19679/AppData/Roaming/TinyTeX/texmf-dist/tex/latex/setspace/setspace.sty
Package: setspace 2011/12/19 v6.7a set line spacing
) (c:/Users/ah19679/AppData/Roaming/TinyTeX/texmf-dist/tex/latex/xcolor/xcolor.sty
Package: xcolor 2022/06/12 v2.14 LaTeX color extensions (UK)
(c:/Users/ah19679/AppData/Roaming/TinyTeX/texmf-dist/tex/latex/graphics-cfg/color.cfg
File: color.cfg 2016/01/02 v1.6 sample color configuration
)
Package xcolor Info: Package option `usenames' ignored on input line 218.
Package xcolor Info: Driver file: pdftex.def on input line 227.
(c:/Users/ah19679/AppData/Roaming/TinyTeX/texmf-dist/tex/latex/graphics-def/pdftex.def
File: pdftex.def 2022/09/22 v1.2b Graphics/color driver for pdftex
) (c:/Users/ah19679/AppData/Roaming/TinyTeX/texmf-dist/tex/latex/graphics/mathcolor.ltx)
Package xcolor Info: Model `cmy' substituted by `cmy0' on input line 1353.
Package xcolor Info: Model `hsb' substituted by `rgb' on input line 1357.
Package xcolor Info: Model `RGB' extended on input line 1369.
Package xcolor Info: Model `HTML' substituted by `rgb' on input line 1371.
Package xcolor Info: Model `Hsb' substituted by `hsb' on input line 1372.
Package xcolor Info: Model `tHsb' substituted by `hsb' on input line 1373.
Package xcolor Info: Model `HSB' substituted by `hsb' on input line 1374.
Package xcolor Info: Model `Gray' substituted by `gray' on input line 1375.
Package xcolor Info: Model `wave' substituted by `hsb' on input line 1376.
(c:/Users/ah19679/AppData/Roaming/TinyTeX/texmf-dist/tex/latex/graphics/dvipsnam.def
File: dvipsnam.def 2016/06/17 v3.0m Driver-dependent file (DPC,SPQR)
) (c:/Users/ah19679/AppData/Roaming/TinyTeX/texmf-dist/tex/latex/xcolor/svgnam.def
File: svgnam.def 2022/06/12 v2.14 Predefined colors according to SVG 1.1 (UK)
)) (c:/Users/ah19679/AppData/Roaming/TinyTeX/texmf-dist/tex/latex/natbib/natbib.sty
Package: natbib 2010/09/13 8.31b (PWD, AO)
\bibhang=\skip76
\bibsep=\skip77
LaTeX Info: Redefining \cite on input line 694.
\c@NAT@ctr=\count281
) (c:/Users/ah19679/AppData/Roaming/TinyTeX/texmf-dist/tex/latex/natbib/bibentry.sty
Package: bibentry 2007/10/30 1.5 (PWD)
)
No file index_revisions_2.bbl.
\c@@tufte@num@bibkeys=\count282
(c:/Users/ah19679/AppData/Roaming/TinyTeX/texmf-dist/tex/latex/sauerj/optparams.sty
Package: optparams 2004/08/14 v0.9 multiple optional parameters in macros
)
\@tufte@sidenote@vertical@offset=\skip78
(c:/Users/ah19679/AppData/Roaming/TinyTeX/texmf-dist/tex/latex/placeins/placeins.sty
Package: placeins 2005/04/18  v 2.2
)
\@tufte@margin@floatbox=\box52
\@tufte@figure@box=\box53
\@tufte@caption@box=\box54
\@tufte@caption@vertical@offset=\skip79
\@tufte@float@contents@width=\skip80
(c:/Users/ah19679/AppData/Roaming/TinyTeX/texmf-dist/tex/latex/psnfss/mathpazo.sty
Package: mathpazo 2020/03/25 PSNFSS-v9.3 Palatino w/ Pazo Math (D.Puga, WaS) 
\symupright=\mathgroup4
) (c:/Users/ah19679/AppData/Roaming/TinyTeX/texmf-dist/tex/latex/psnfss/helvet.sty
Package: helvet 2020/03/25 PSNFSS-v9.3 (WaS) 
) (c:/Users/ah19679/AppData/Roaming/TinyTeX/texmf-dist/tex/latex/base/fontenc.sty
Package: fontenc 2021/04/29 v2.0v Standard LaTeX package
LaTeX Font Info:    Trying to load font information for T1+pplj on input line 112.
(c:/Users/ah19679/AppData/Roaming/TinyTeX/texmf-dist/tex/latex/psnfss/t1pplj.fd
File: t1pplj.fd 2004/09/06 font definitions for T1/pplj.
)) (c:/Users/ah19679/AppData/Roaming/TinyTeX/texmf-dist/tex/latex/base/textcomp.sty
Package: textcomp 2020/02/02 v2.0n Standard LaTeX package
) (c:/Users/ah19679/AppData/Roaming/TinyTeX/texmf-dist/tex/latex/fancyhdr/fancyhdr.sty
Package: fancyhdr 2022/05/18 v4.0.3 Extensive control of page headers and footers
\f@nch@headwidth=\skip81
\f@nch@O@elh=\skip82
\f@nch@O@erh=\skip83
\f@nch@O@olh=\skip84
\f@nch@O@orh=\skip85
\f@nch@O@elf=\skip86
\f@nch@O@erf=\skip87
\f@nch@O@olf=\skip88
\f@nch@O@orf=\skip89
)
\tufteskipamount=\skip90
(c:/Users/ah19679/AppData/Roaming/TinyTeX/texmf-dist/tex/latex/tools/multicol.sty
Package: multicol 2021/11/30 v1.9d multicolumn formatting (FMi)
\c@tracingmulticols=\count283
\mult@box=\box55
\multicol@leftmargin=\dimen161
\c@unbalance=\count284
\c@collectmore=\count285
\doublecol@number=\count286
\multicoltolerance=\count287
\multicolpretolerance=\count288
\full@width=\dimen162
\page@free=\dimen163
\premulticols=\dimen164
\postmulticols=\dimen165
\multicolsep=\skip91
\multicolbaselineskip=\skip92
\partial@page=\box56
\last@line=\box57
\maxbalancingoverflow=\dimen166
\mult@rightbox=\box58
\mult@grightbox=\box59
\mult@firstbox=\box60
\mult@gfirstbox=\box61
\@tempa=\box62
\@tempa=\box63
\@tempa=\box64
\@tempa=\box65
\@tempa=\box66
\@tempa=\box67
\@tempa=\box68
\@tempa=\box69
\@tempa=\box70
\@tempa=\box71
\@tempa=\box72
\@tempa=\box73
\@tempa=\box74
\@tempa=\box75
\@tempa=\box76
\@tempa=\box77
\@tempa=\box78
\@tempa=\box79
\@tempa=\box80
\@tempa=\box81
\@tempa=\box82
\@tempa=\box83
\@tempa=\box84
\@tempa=\box85
\@tempa=\box86
\@tempa=\box87
\@tempa=\box88
\@tempa=\box89
\@tempa=\box90
\@tempa=\box91
\@tempa=\box92
\@tempa=\box93
\@tempa=\box94
\@tempa=\box95
\@tempa=\box96
\@tempa=\box97
\c@minrows=\count289
\c@columnbadness=\count290
\c@finalcolumnbadness=\count291
\last@try=\dimen167
\multicolovershoot=\dimen168
\multicolundershoot=\dimen169
\mult@nat@firstbox=\box98
\colbreak@box=\box99
\mc@col@check@num=\count292
))) (c:/Users/ah19679/AppData/Roaming/TinyTeX/texmf-dist/tex/latex/amsfonts/amssymb.sty
Package: amssymb 2013/01/14 v3.01 AMS font symbols
(c:/Users/ah19679/AppData/Roaming/TinyTeX/texmf-dist/tex/latex/amsfonts/amsfonts.sty
Package: amsfonts 2013/01/14 v3.01 Basic AMSFonts support
\@emptytoks=\toks21
\symAMSa=\mathgroup5
\symAMSb=\mathgroup6
LaTeX Font Info:    Redeclaring math symbol \hbar on input line 98.
LaTeX Font Info:    Overwriting math alphabet `\mathfrak' in version `bold'
(Font)                  U/euf/m/n --> U/euf/b/n on input line 106.
)) (c:/Users/ah19679/AppData/Roaming/TinyTeX/texmf-dist/tex/latex/amsmath/amsmath.sty
Package: amsmath 2022/04/08 v2.17n AMS math features
\@mathmargin=\skip93
For additional information on amsmath, use the `?' option.
(c:/Users/ah19679/AppData/Roaming/TinyTeX/texmf-dist/tex/latex/amsmath/amstext.sty
Package: amstext 2021/08/26 v2.01 AMS text
(c:/Users/ah19679/AppData/Roaming/TinyTeX/texmf-dist/tex/latex/amsmath/amsgen.sty
File: amsgen.sty 1999/11/30 v2.0 generic functions
\@emptytoks=\toks22
\ex@=\dimen170
)) (c:/Users/ah19679/AppData/Roaming/TinyTeX/texmf-dist/tex/latex/amsmath/amsbsy.sty
Package: amsbsy 1999/11/29 v1.2d Bold Symbols
\pmbraise@=\dimen171
) (c:/Users/ah19679/AppData/Roaming/TinyTeX/texmf-dist/tex/latex/amsmath/amsopn.sty
Package: amsopn 2022/04/08 v2.04 operator names
)
\inf@bad=\count293
LaTeX Info: Redefining \frac on input line 234.
\uproot@=\count294
\leftroot@=\count295
LaTeX Info: Redefining \overline on input line 399.
LaTeX Info: Redefining \colon on input line 410.
\classnum@=\count296
\DOTSCASE@=\count297
LaTeX Info: Redefining \ldots on input line 496.
LaTeX Info: Redefining \dots on input line 499.
LaTeX Info: Redefining \cdots on input line 620.
\Mathstrutbox@=\box100
\strutbox@=\box101
LaTeX Info: Redefining \big on input line 722.
LaTeX Info: Redefining \Big on input line 723.
LaTeX Info: Redefining \bigg on input line 724.
LaTeX Info: Redefining \Bigg on input line 725.
\big@size=\dimen172
LaTeX Font Info:    Redeclaring font encoding OML on input line 743.
LaTeX Font Info:    Redeclaring font encoding OMS on input line 744.
\macc@depth=\count298
LaTeX Info: Redefining \bmod on input line 905.
LaTeX Info: Redefining \pmod on input line 910.
LaTeX Info: Redefining \smash on input line 940.
LaTeX Info: Redefining \relbar on input line 970.
LaTeX Info: Redefining \Relbar on input line 971.
\c@MaxMatrixCols=\count299
\dotsspace@=\muskip17
\c@parentequation=\count300
\dspbrk@lvl=\count301
\tag@help=\toks23
\row@=\count302
\column@=\count303
\maxfields@=\count304
\andhelp@=\toks24
\eqnshift@=\dimen173
\alignsep@=\dimen174
\tagshift@=\dimen175
\tagwidth@=\dimen176
\totwidth@=\dimen177
\lineht@=\dimen178
\@envbody=\toks25
\multlinegap=\skip94
\multlinetaggap=\skip95
\mathdisplay@stack=\toks26
LaTeX Info: Redefining \[ on input line 2953.
LaTeX Info: Redefining \] on input line 2954.
) (c:/Users/ah19679/AppData/Roaming/TinyTeX/texmf-dist/tex/latex/base/fixltx2e.sty
Package: fixltx2e 2016/12/29 v2.1a fixes to LaTeX (obsolete)
Applying: [2015/01/01] Old fixltx2e package on input line 46.

Package fixltx2e Warning: fixltx2e is not required with releases after 2015
(fixltx2e)                All fixes are now in the LaTeX kernel.
(fixltx2e)                See the latexrelease package for details.

Already applied: [0000/00/00] Old fixltx2e package on input line 53.
) (c:/Users/ah19679/AppData/Roaming/TinyTeX/texmf-dist/tex/latex/base/fontenc.sty
Package: fontenc 2021/04/29 v2.0v Standard LaTeX package
) (c:/Users/ah19679/AppData/Roaming/TinyTeX/texmf-dist/tex/latex/base/inputenc.sty
Package: inputenc 2021/02/14 v1.3d Input encoding file
\inpenc@prehook=\toks27
\inpenc@posthook=\toks28
) (c:/Users/ah19679/AppData/Roaming/TinyTeX/texmf-dist/tex/latex/graphics/graphicx.sty
Package: graphicx 2021/09/16 v1.2d Enhanced LaTeX Graphics (DPC,SPQR)
(c:/Users/ah19679/AppData/Roaming/TinyTeX/texmf-dist/tex/latex/graphics/graphics.sty
Package: graphics 2022/03/10 v1.4e Standard LaTeX Graphics (DPC,SPQR)
(c:/Users/ah19679/AppData/Roaming/TinyTeX/texmf-dist/tex/latex/graphics/trig.sty
Package: trig 2021/08/11 v1.11 sin cos tan (DPC)
) (c:/Users/ah19679/AppData/Roaming/TinyTeX/texmf-dist/tex/latex/graphics-cfg/graphics.cfg
File: graphics.cfg 2016/06/04 v1.11 sample graphics configuration
)
Package graphics Info: Driver file: pdftex.def on input line 107.
)
\Gin@req@height=\dimen179
\Gin@req@width=\dimen180
) (c:/Users/ah19679/AppData/Roaming/TinyTeX/texmf-dist/tex/latex/booktabs/booktabs.sty
Package: booktabs 2020/01/12 v1.61803398 Publication quality tables
\heavyrulewidth=\dimen181
\lightrulewidth=\dimen182
\cmidrulewidth=\dimen183
\belowrulesep=\dimen184
\belowbottomsep=\dimen185
\aboverulesep=\dimen186
\abovetopsep=\dimen187
\cmidrulesep=\dimen188
\cmidrulekern=\dimen189
\defaultaddspace=\dimen190
\@cmidla=\count305
\@cmidlb=\count306
\@aboverulesep=\dimen191
\@belowrulesep=\dimen192
\@thisruleclass=\count307
\@lastruleclass=\count308
\@thisrulewidth=\dimen193
) (c:/Users/ah19679/AppData/Roaming/TinyTeX/texmf-dist/tex/latex/units/units.sty
Package: units 1998/08/04 v0.9b Typesetting units
(c:/Users/ah19679/AppData/Roaming/TinyTeX/texmf-dist/tex/latex/units/nicefrac.sty
Package: nicefrac 1998/08/04 v0.9b Nice fractions
\L@UnitsRaiseDisplaystyle=\skip96
\L@UnitsRaiseTextstyle=\skip97
\L@UnitsRaiseScriptstyle=\skip98
)) (c:/Users/ah19679/AppData/Roaming/TinyTeX/texmf-dist/tex/latex/fancyvrb/fancyvrb.sty
Package: fancyvrb 2022/06/06 4.5 verbatim text (tvz,hv)
\FV@CodeLineNo=\count309
\FV@InFile=\read2
\FV@TabBox=\box102
\c@FancyVerbLine=\count310
\FV@StepNumber=\count311
\FV@OutFile=\write3
) (c:/Users/ah19679/AppData/Roaming/TinyTeX/texmf-dist/tex/latex/tools/longtable.sty
Package: longtable 2021-09-01 v4.17 Multi-page Table package (DPC)
\LTleft=\skip99
\LTright=\skip100
\LTpre=\skip101
\LTpost=\skip102
\LTchunksize=\count312
\LTcapwidth=\dimen194
\LT@head=\box103
\LT@firsthead=\box104
\LT@foot=\box105
\LT@lastfoot=\box106
\LT@gbox=\box107
\LT@cols=\count313
\LT@rows=\count314
\c@LT@tables=\count315
\c@LT@chunks=\count316
\LT@p@ftn=\toks29
) (c:/Users/ah19679/AppData/Roaming/TinyTeX/texmf-dist/tex/latex/tools/array.sty
Package: array 2022/03/10 v2.5f Tabular extension package (FMi)
\col@sep=\dimen195
\ar@mcellbox=\box108
\extrarowheight=\dimen196
\NC@list=\toks30
\extratabsurround=\skip103
\backup@length=\skip104
\ar@cellbox=\box109
) (c:/Users/ah19679/AppData/Roaming/TinyTeX/texmf-dist/tex/latex/etoolbox/etoolbox.sty
Package: etoolbox 2020/10/05 v2.5k e-TeX tools for LaTeX (JAW)
\etb@tempcnta=\count317
) (c:/Users/ah19679/AppData/Roaming/TinyTeX/texmf-dist/tex/latex/mdwtools/footnote.sty
Package: footnote 1997/01/28 1.13 Save footnotes around boxes
\fn@notes=\box110
\fn@width=\dimen197
) (c:/Users/ah19679/AppData/Roaming/TinyTeX/texmf-dist/tex/generic/ulem/ulem.sty
\UL@box=\box111
\UL@hyphenbox=\box112
\UL@skip=\skip105
\UL@hook=\toks31
\UL@height=\dimen198
\UL@pe=\count318
\UL@pixel=\dimen199
\ULC@box=\box113
Package: ulem 2019/11/18
\ULdepth=\dimen256
) (c:/Users/ah19679/AppData/Roaming/TinyTeX/texmf-dist/tex/latex/morefloats/morefloats.sty
Package: morefloats 2015/07/22 v1.0h Raise limit of unprocessed floats (HMM)
Package morefloats Info: Maximum number of possible floats asked for: 36
(morefloats)             (i.e. 18 more floats).
(morefloats)             LaTeX might run out of memory before this
(morefloats)             (in which case it will notify you).
) (c:/Users/ah19679/AppData/Roaming/TinyTeX/texmf-dist/tex/latex/l3backend/l3backend-pdftex.def
File: l3backend-pdftex.def 2022-09-28 L3 backend support: PDF output (pdfTeX)
\l__color_backend_stack_int=\count319
\l__pdf_internal_box=\box114
) (./index_revisions_2.aux)
\openout1 = `index_revisions_2.aux'.

LaTeX Font Info:    Checking defaults for OML/cmm/m/it on input line 119.
LaTeX Font Info:    ... okay on input line 119.
LaTeX Font Info:    Checking defaults for OMS/cmsy/m/n on input line 119.
LaTeX Font Info:    ... okay on input line 119.
LaTeX Font Info:    Checking defaults for OT1/cmr/m/n on input line 119.
LaTeX Font Info:    ... okay on input line 119.
LaTeX Font Info:    Checking defaults for T1/cmr/m/n on input line 119.
LaTeX Font Info:    ... okay on input line 119.
LaTeX Font Info:    Checking defaults for TS1/cmr/m/n on input line 119.
LaTeX Font Info:    ... okay on input line 119.
LaTeX Font Info:    Checking defaults for OMX/cmex/m/n on input line 119.
LaTeX Font Info:    ... okay on input line 119.
LaTeX Font Info:    Checking defaults for U/cmr/m/n on input line 119.
LaTeX Font Info:    ... okay on input line 119.
LaTeX Font Info:    Checking defaults for PD1/pdf/m/n on input line 119.
LaTeX Font Info:    ... okay on input line 119.
LaTeX Font Info:    Checking defaults for PU/pdf/m/n on input line 119.
LaTeX Font Info:    ... okay on input line 119.
Package hyperref Info: Link coloring OFF on input line 119.
(./index_revisions_2.out) (./index_revisions_2.out)
\@outlinefile=\write4
\openout4 = `index_revisions_2.out'.

*geometry* driver: auto-detecting
*geometry* detected driver: pdftex
*geometry* verbose mode - [ preamble ] result:
* driver: pdftex
* paper: letterpaper
* layout: <same size as paper>
* layoutoffset:(h,v)=(0.0pt,0.0pt)
* modes: twoside asymmetric 
* h-part:(L,W,R)=(72.26999pt, 312.0pt, 230.02501pt)
* v-part:(T,H,B)=(72.26999pt, 616.0pt, 106.7pt)
* \paperwidth=614.295pt
* \paperheight=794.96999pt
* \textwidth=312.0pt
* \textheight=616.0pt
* \oddsidemargin=0.0pt
* \evensidemargin=0.0pt
* \topmargin=-42.0pt
* \headheight=14.0pt
* \headsep=28.0pt
* \topskip=10.0pt
* \footskip=30.0pt
* \marginparwidth=144.0pt
* \marginparsep=24.0pt
* \columnsep=10.0pt
* \skip\footins=9.0pt plus 4.0pt minus 2.0pt
* \hoffset=0.0pt
* \voffset=0.0pt
* \mag=1000
* \@twocolumnfalse
* \@twosidetrue
* \@mparswitchfalse
* \@reversemarginfalse
* (1in=72.27pt=25.4mm, 1cm=28.453pt)

\langwohyphens=\language3
(c:/Users/ah19679/AppData/Roaming/TinyTeX/texmf-dist/tex/latex/epstopdf-pkg/epstopdf-base.sty
Package: epstopdf-base 2020-01-24 v2.11 Base part for package epstopdf
(c:/Users/ah19679/AppData/Roaming/TinyTeX/texmf-dist/tex/latex/grfext/grfext.sty
Package: grfext 2019/12/03 v1.3 Manage graphics extensions (HO)
)
Package epstopdf-base Info: Redefining graphics rule for `.eps' on input line 485.
Package grfext Info: Graphics extension search list:
(grfext)             [.pdf,.png,.jpg,.mps,.jpeg,.jbig2,.jb2,.PDF,.PNG,.JPG,.JPEG,.JBIG2,.JB2,.eps]
(grfext)             \AppendGraphicsExtensions on input line 504.
(c:/Users/ah19679/AppData/Roaming/TinyTeX/texmf-dist/tex/latex/latexconfig/epstopdf-sys.cfg
File: epstopdf-sys.cfg 2010/07/13 v1.3 Configuration of (r)epstopdf for TeX Live
))
LaTeX Font Info:    Trying to load font information for OT1+pplx on input line 131.
(c:/Users/ah19679/AppData/Roaming/TinyTeX/texmf-dist/tex/latex/psnfss/ot1pplx.fd
File: ot1pplx.fd 2004/09/06 font definitions for OT1/pplx.
)
LaTeX Font Info:    Trying to load font information for OML+zplm on input line 131.
(c:/Users/ah19679/AppData/Roaming/TinyTeX/texmf-dist/tex/latex/psnfss/omlzplm.fd
File: omlzplm.fd 2002/09/08 Fontinst v1.914 font definitions for OML/zplm.
)
LaTeX Font Info:    Trying to load font information for OMS+zplm on input line 131.
(c:/Users/ah19679/AppData/Roaming/TinyTeX/texmf-dist/tex/latex/psnfss/omszplm.fd
File: omszplm.fd 2002/09/08 Fontinst v1.914 font definitions for OMS/zplm.
)
LaTeX Font Info:    Trying to load font information for OMX+zplm on input line 131.
(c:/Users/ah19679/AppData/Roaming/TinyTeX/texmf-dist/tex/latex/psnfss/omxzplm.fd
File: omxzplm.fd 2002/09/08 Fontinst v1.914 font definitions for OMX/zplm.
)
LaTeX Font Info:    Trying to load font information for OT1+zplm on input line 131.
(c:/Users/ah19679/AppData/Roaming/TinyTeX/texmf-dist/tex/latex/psnfss/ot1zplm.fd
File: ot1zplm.fd 2002/09/08 Fontinst v1.914 font definitions for OT1/zplm.
)
LaTeX Font Info:    Font shape `U/msa/m/n' will be
(Font)              scaled to size 10.42007pt on input line 131.
LaTeX Font Info:    Font shape `U/msa/m/n' will be
(Font)              scaled to size 7.91925pt on input line 131.
LaTeX Font Info:    Font shape `U/msa/m/n' will be
(Font)              scaled to size 6.25204pt on input line 131.
LaTeX Font Info:    Font shape `U/msb/m/n' will be
(Font)              scaled to size 10.42007pt on input line 131.
LaTeX Font Info:    Font shape `U/msb/m/n' will be
(Font)              scaled to size 7.91925pt on input line 131.
LaTeX Font Info:    Font shape `U/msb/m/n' will be
(Font)              scaled to size 6.25204pt on input line 131.
LaTeX Font Info:    Trying to load font information for T1+cmtt on input line 135.
(c:/Users/ah19679/AppData/Roaming/TinyTeX/texmf-dist/tex/latex/base/t1cmtt.fd
File: t1cmtt.fd 2019/12/16 v2.5j Standard LaTeX font definitions
)
LaTeX Font Info:    Trying to load font information for TS1+pplj on input line 156.
(c:/Users/ah19679/AppData/Roaming/TinyTeX/texmf-dist/tex/latex/psnfss/ts1pplj.fd
File: ts1pplj.fd 2004/09/06 font definitions for TS1/pplj.
)
<index_revisions_2_files/figure-latex/unnamed-chunk-6-1.pdf, id=16, 289.08pt x 289.08pt>
File: index_revisions_2_files/figure-latex/unnamed-chunk-6-1.pdf Graphic file (type pdf)
<use index_revisions_2_files/figure-latex/unnamed-chunk-6-1.pdf>
Package pdftex.def Info: index_revisions_2_files/figure-latex/unnamed-chunk-6-1.pdf  used on input line 184.
(pdftex.def)             Requested size: 312.01648pt x 312.01648pt.

Overfull \hbox (78.58643pt too wide) in paragraph at lines 183--192
[]\T1/pplj/m/n/10 \begin{figure} [] 
 []

[1

{c:/Users/ah19679/AppData/Roaming/TinyTeX/texmf-var/fonts/map/pdftex/updmap/pdftex.map}]

Class tufte-handout Warning: Proper spacing of small-caps letters has not been set up.
This message occurred on input line 220.

[2 <./index_revisions_2_files/figure-latex/unnamed-chunk-6-1.pdf>]
<index_revisions_2_files/figure-latex/unnamed-chunk-8-1.pdf, id=46, 289.08pt x 252.945pt>
File: index_revisions_2_files/figure-latex/unnamed-chunk-8-1.pdf Graphic file (type pdf)
<use index_revisions_2_files/figure-latex/unnamed-chunk-8-1.pdf>
Package pdftex.def Info: index_revisions_2_files/figure-latex/unnamed-chunk-8-1.pdf  used on input line 222.
(pdftex.def)             Requested size: 312.01648pt x 273.01442pt.

Underfull \hbox (badness 10000) in paragraph at lines 222--223

 []

<index_revisions_2_files/figure-latex/unnamed-chunk-10-1.pdf, id=47, 289.08pt x 252.945pt>
File: index_revisions_2_files/figure-latex/unnamed-chunk-10-1.pdf Graphic file (type pdf)
<use index_revisions_2_files/figure-latex/unnamed-chunk-10-1.pdf>
Package pdftex.def Info: index_revisions_2_files/figure-latex/unnamed-chunk-10-1.pdf  used on input line 247.
(pdftex.def)             Requested size: 312.01648pt x 273.01442pt.

Underfull \hbox (badness 10000) in paragraph at lines 247--248

 []

<index_revisions_2_files/figure-latex/unnamed-chunk-11-1.pdf, id=48, 289.08pt x 433.62pt>
File: index_revisions_2_files/figure-latex/unnamed-chunk-11-1.pdf Graphic file (type pdf)
<use index_revisions_2_files/figure-latex/unnamed-chunk-11-1.pdf>
Package pdftex.def Info: index_revisions_2_files/figure-latex/unnamed-chunk-11-1.pdf  used on input line 254.
(pdftex.def)             Requested size: 312.01648pt x 468.02473pt.

Underfull \hbox (badness 10000) in paragraph at lines 254--255

 []


Class tufte-handout Warning: Proper spacing of small-caps letters has not been set up.
This message occurred on input line 255.

[3 <./index_revisions_2_files/figure-latex/unnamed-chunk-8-1.pdf>]

Class tufte-handout Warning: Proper spacing of small-caps letters has not been set up.
This message occurred on input line 296.

[4 <./index_revisions_2_files/figure-latex/unnamed-chunk-10-1.pdf>]

Class tufte-handout Warning: Proper spacing of small-caps letters has not been set up.
This message occurred on input line 296.

[5 <./index_revisions_2_files/figure-latex/unnamed-chunk-11-1.pdf>]
Overfull \hbox (23.91797pt too wide) in paragraph at lines 296--296
[]\T1/cmtt/m/n/10 ##                          Estimate Std. Error t value Pr(>|t|)[] 
 []


Overfull \hbox (44.91284pt too wide) in paragraph at lines 296--296
[]\T1/cmtt/m/n/10 ## (Intercept)              0.474140   0.017637   26.88   <2e-16 ***[] 
 []


Overfull \hbox (23.91797pt too wide) in paragraph at lines 296--296
[]\T1/cmtt/m/n/10 ## conditionconjunction     0.008716   0.027523    0.32     0.75[] 
 []


Overfull \hbox (44.91284pt too wide) in paragraph at lines 296--296
[]\T1/cmtt/m/n/10 ## bP                       0.009342   0.000802   11.65   <2e-16 ***[] 
 []


Overfull \hbox (23.91797pt too wide) in paragraph at lines 296--296
[]\T1/cmtt/m/n/10 ## conditionconjunction:bP -0.001849   0.001594   -1.16     0.25[] 
 []


Overfull \hbox (29.16669pt too wide) in paragraph at lines 296--296
[]\T1/cmtt/m/n/10 ## Signif. codes:  0 '***' 0.001 '**' 0.01 '*' 0.05 '.' 0.1 ' ' 1[] 
 []


Overfull \hbox (2.9231pt too wide) in paragraph at lines 296--296
[]\T1/cmtt/m/n/10 ## Residual standard error: 0.0232 on 108 degrees of freedom[] 
 []


Overfull \hbox (29.16669pt too wide) in paragraph at lines 333--333
[]\T1/cmtt/m/n/10 ## Signif. codes:  0 '***' 0.001 '**' 0.01 '*' 0.05 '.' 0.1 ' ' 1[] 
 []


Overfull \hbox (2.9231pt too wide) in paragraph at lines 333--333
[]\T1/cmtt/m/n/10 ## Residual standard error: 0.0205 on 107 degrees of freedom[] 
 []


Class tufte-handout Warning: Proper spacing of small-caps letters has not been set up.
This message occurred on input line 350.

[6]
Overfull \hbox (20.44989pt too wide) in alignment at lines 351--355
 [] [] [] [] [] 
 []


Overfull \hbox (20.44989pt too wide) in alignment at lines 355--361
 [] [] [] [] [] 
 []

<index_revisions_2_files/figure-latex/unnamed-chunk-16-1.pdf, id=89, 289.08pt x 289.08pt>
File: index_revisions_2_files/figure-latex/unnamed-chunk-16-1.pdf Graphic file (type pdf)
<use index_revisions_2_files/figure-latex/unnamed-chunk-16-1.pdf>
Package pdftex.def Info: index_revisions_2_files/figure-latex/unnamed-chunk-16-1.pdf  used on input line 367.
(pdftex.def)             Requested size: 312.01648pt x 312.01648pt.

Underfull \hbox (badness 10000) in paragraph at lines 367--368

 []


Class tufte-handout Warning: Proper spacing of small-caps letters has not been set up.
This message occurred on input line 377.

[7 <./index_revisions_2_files/figure-latex/unnamed-chunk-16-1.pdf>]
<index_revisions_2_files/figure-latex/unnamed-chunk-19-1.pdf, id=109, 289.08pt x 252.945pt>
File: index_revisions_2_files/figure-latex/unnamed-chunk-19-1.pdf Graphic file (type pdf)
<use index_revisions_2_files/figure-latex/unnamed-chunk-19-1.pdf>
Package pdftex.def Info: index_revisions_2_files/figure-latex/unnamed-chunk-19-1.pdf  used on input line 387.
(pdftex.def)             Requested size: 312.01648pt x 273.01442pt.

Underfull \hbox (badness 10000) in paragraph at lines 387--388

 []

<index_revisions_2_files/figure-latex/unnamed-chunk-21-1.pdf, id=110, 289.08pt x 289.08pt>
File: index_revisions_2_files/figure-latex/unnamed-chunk-21-1.pdf Graphic file (type pdf)
<use index_revisions_2_files/figure-latex/unnamed-chunk-21-1.pdf>
Package pdftex.def Info: index_revisions_2_files/figure-latex/unnamed-chunk-21-1.pdf  used on input line 408.
(pdftex.def)             Requested size: 312.01648pt x 312.01648pt.

Underfull \hbox (badness 10000) in paragraph at lines 408--409

 []

<index_revisions_2_files/figure-latex/unnamed-chunk-22-1.pdf, id=111, 289.08pt x 289.08pt>
File: index_revisions_2_files/figure-latex/unnamed-chunk-22-1.pdf Graphic file (type pdf)
<use index_revisions_2_files/figure-latex/unnamed-chunk-22-1.pdf>
Package pdftex.def Info: index_revisions_2_files/figure-latex/unnamed-chunk-22-1.pdf  used on input line 415.
(pdftex.def)             Requested size: 312.01648pt x 312.01648pt.

Underfull \hbox (badness 10000) in paragraph at lines 415--416

 []


Class tufte-handout Warning: Proper spacing of small-caps letters has not been set up.
This message occurred on input line 416.

[8 <./index_revisions_2_files/figure-latex/unnamed-chunk-19-1.pdf>]

Class tufte-handout Warning: Proper spacing of small-caps letters has not been set up.
This message occurred on input line 416.

[9 <./index_revisions_2_files/figure-latex/unnamed-chunk-21-1.pdf>]
<index_revisions_2_files/figure-latex/unnamed-chunk-23-1.pdf, id=135, 289.08pt x 289.08pt>
File: index_revisions_2_files/figure-latex/unnamed-chunk-23-1.pdf Graphic file (type pdf)
<use index_revisions_2_files/figure-latex/unnamed-chunk-23-1.pdf>
Package pdftex.def Info: index_revisions_2_files/figure-latex/unnamed-chunk-23-1.pdf  used on input line 422.
(pdftex.def)             Requested size: 312.01648pt x 312.01648pt.

Underfull \hbox (badness 10000) in paragraph at lines 422--423

 []

<index_revisions_2_files/figure-latex/unnamed-chunk-26-1.pdf, id=136, 289.08pt x 252.945pt>
File: index_revisions_2_files/figure-latex/unnamed-chunk-26-1.pdf Graphic file (type pdf)
<use index_revisions_2_files/figure-latex/unnamed-chunk-26-1.pdf>
Package pdftex.def Info: index_revisions_2_files/figure-latex/unnamed-chunk-26-1.pdf  used on input line 441.
(pdftex.def)             Requested size: 312.01648pt x 273.01442pt.

Underfull \hbox (badness 10000) in paragraph at lines 441--442

 []

<index_revisions_2_files/figure-latex/unnamed-chunk-27-1.pdf, id=137, 289.08pt x 216.81pt>
File: index_revisions_2_files/figure-latex/unnamed-chunk-27-1.pdf Graphic file (type pdf)
<use index_revisions_2_files/figure-latex/unnamed-chunk-27-1.pdf>
Package pdftex.def Info: index_revisions_2_files/figure-latex/unnamed-chunk-27-1.pdf  used on input line 453.
(pdftex.def)             Requested size: 312.01648pt x 234.01236pt.

Underfull \hbox (badness 10000) in paragraph at lines 453--454

 []


Class tufte-handout Warning: Proper spacing of small-caps letters has not been set up.
This message occurred on input line 454.

[10 <./index_revisions_2_files/figure-latex/unnamed-chunk-22-1.pdf>]

Class tufte-handout Warning: Proper spacing of small-caps letters has not been set up.
This message occurred on input line 454.

[11 <./index_revisions_2_files/figure-latex/unnamed-chunk-23-1.pdf>]
<index_revisions_2_files/figure-latex/unnamed-chunk-31-1.pdf, id=160, 289.08pt x 252.945pt>
File: index_revisions_2_files/figure-latex/unnamed-chunk-31-1.pdf Graphic file (type pdf)
<use index_revisions_2_files/figure-latex/unnamed-chunk-31-1.pdf>
Package pdftex.def Info: index_revisions_2_files/figure-latex/unnamed-chunk-31-1.pdf  used on input line 474.
(pdftex.def)             Requested size: 312.01648pt x 273.01442pt.

Underfull \hbox (badness 10000) in paragraph at lines 474--475

 []

LaTeX Font Info:    Font shape `U/msa/m/n' will be
(Font)              scaled to size 8.33606pt on input line 475.
LaTeX Font Info:    Font shape `U/msa/m/n' will be
(Font)              scaled to size 5.21004pt on input line 475.
LaTeX Font Info:    Font shape `U/msb/m/n' will be
(Font)              scaled to size 8.33606pt on input line 475.
LaTeX Font Info:    Font shape `U/msb/m/n' will be
(Font)              scaled to size 5.21004pt on input line 475.
<index_revisions_2_files/figure-latex/unnamed-chunk-32-1.pdf, id=161, 289.08pt x 289.08pt>
File: index_revisions_2_files/figure-latex/unnamed-chunk-32-1.pdf Graphic file (type pdf)
<use index_revisions_2_files/figure-latex/unnamed-chunk-32-1.pdf>
Package pdftex.def Info: index_revisions_2_files/figure-latex/unnamed-chunk-32-1.pdf  used on input line 484.
(pdftex.def)             Requested size: 312.01648pt x 312.01648pt.

Underfull \hbox (badness 10000) in paragraph at lines 484--485

 []

<index_revisions_2_files/figure-latex/unnamed-chunk-34-1.pdf, id=162, 289.08pt x 433.62pt>
File: index_revisions_2_files/figure-latex/unnamed-chunk-34-1.pdf Graphic file (type pdf)
<use index_revisions_2_files/figure-latex/unnamed-chunk-34-1.pdf>
Package pdftex.def Info: index_revisions_2_files/figure-latex/unnamed-chunk-34-1.pdf  used on input line 494.
(pdftex.def)             Requested size: 312.01648pt x 468.02473pt.

Underfull \hbox (badness 10000) in paragraph at lines 494--495

 []


Class tufte-handout Warning: Proper spacing of small-caps letters has not been set up.
This message occurred on input line 495.

[12 <./index_revisions_2_files/figure-latex/unnamed-chunk-26-1.pdf>]

Class tufte-handout Warning: Proper spacing of small-caps letters has not been set up.
This message occurred on input line 495.

[13 <./index_revisions_2_files/figure-latex/unnamed-chunk-27-1.pdf> <./index_revisions_2_files/figure-latex/unnamed-chunk-31-1.pdf>]

Class tufte-handout Warning: Proper spacing of small-caps letters has not been set up.
This message occurred on input line 495.

[14 <./index_revisions_2_files/figure-latex/unnamed-chunk-32-1.pdf>]
<index_revisions_2_files/figure-latex/unnamed-chunk-35-1.pdf, id=209, 289.08pt x 289.08pt>
File: index_revisions_2_files/figure-latex/unnamed-chunk-35-1.pdf Graphic file (type pdf)
<use index_revisions_2_files/figure-latex/unnamed-chunk-35-1.pdf>
Package pdftex.def Info: index_revisions_2_files/figure-latex/unnamed-chunk-35-1.pdf  used on input line 505.
(pdftex.def)             Requested size: 312.01648pt x 312.01648pt.

Underfull \hbox (badness 10000) in paragraph at lines 505--506

 []


Package bibentry Warning: You have used \nobibliography* 
(bibentry)                without a following \bibliography.
(bibentry)                You may not be able to run BibTeX.


Class tufte-handout Warning: Proper spacing of small-caps letters has not been set up.
This message occurred on input line 520.

[15]

Class tufte-handout Warning: Proper spacing of small-caps letters has not been set up.
This message occurred on input line 520.

[16 <./index_revisions_2_files/figure-latex/unnamed-chunk-34-1.pdf>]

Class tufte-handout Warning: Proper spacing of small-caps letters has not been set up.
This message occurred on input line 520.

[17 <./index_revisions_2_files/figure-latex/unnamed-chunk-35-1.pdf>] (./index_revisions_2.aux)
Package rerunfilecheck Info: File `index_revisions_2.out' has not changed.
(rerunfilecheck)             Checksum: DFE003B8E9D668197D5A4E39E412C540;497.
 ) 
Here is how much of TeX's memory you used:
 14773 strings out of 477031
 245062 string characters out of 5826468
 593816 words of memory out of 5000000
 35543 multiletter control sequences out of 15000+600000
 509259 words of font info for 103 fonts, out of 8000000 for 9000
 14 hyphenation exceptions out of 8191
 93i,11n,94p,705b,594s stack positions out of 10000i,1000n,20000p,200000b,200000s
 <c:/Users/ah19679/AppData/Roaming/TinyTeX/texmf-var/fonts/pk/ljfour/jknappen/ec/ectt1000.600pk> <c:/Users/ah19679/AppData/Roaming/TinyTeX/texmf-var/fonts/pk/ljfour/jknappen/ec/ecit1000.600pk>{c:/Users/ah19679/AppData/Roaming/TinyTeX/texmf-dist/fonts/enc/dvips/base/8r.enc}<c:/Users/ah19679/AppData/Roaming/TinyTeX/texmf-dist/fonts/type1/public/fpl/fplrc8a.pfb><c:/Users/ah19679/AppData/Roaming/TinyTeX/texmf-dist/fonts/type1/public/fpl/fplrij8a.pfb><c:/Users/ah19679/AppData/Roaming/TinyTeX/texmf-dist/fonts/type1/urw/palatino/uplr8a.pfb><c:/Users/ah19679/AppData/Roaming/TinyTeX/texmf-dist/fonts/type1/urw/palatino/uplri8a.pfb>
Output written on index_revisions_2.pdf (17 pages, 971986 bytes).
PDF statistics:
 385 PDF objects out of 1000 (max. 8388607)
 222 compressed objects within 3 object streams
 42 named destinations out of 1000 (max. 500000)
 100 words of extra memory for PDF output out of 10000 (max. 10000000)

